# JRE version: OpenJDK Runtime Environment (8.0_112-b06) (build 1.8.0_112-release-b06)
# Java VM: OpenJDK 64-Bit Server VM (25.112-b06 mixed mode windows-amd64 compressed oops)
Heap:
 PSYoungGen      total 390656K, used 381546K [0x00000000e0000000, 0x00000000faf00000, 0x0000000100000000)
  eden space 354304K, 97% used [0x00000000e0000000,0x00000000f5121ff0,0x00000000f5a00000)
  from space 36352K, 99% used [0x00000000f8b80000,0x00000000faef89c8,0x00000000faf00000)
  to   space 41984K, 0% used [0x00000000f5d00000,0x00000000f5d00000,0x00000000f8600000)
 ParOldGen       total 148480K, used 79254K [0x00000000a0000000, 0x00000000a9100000, 0x00000000e0000000)
  object space 148480K, 53% used [0x00000000a0000000,0x00000000a4d65a88,0x00000000a9100000)
 Metaspace       used 73688K, capacity 77274K, committed 77400K, reserved 1116160K
  class space    used 9372K, capacity 10024K, committed 10112K, reserved 1048576K
GC Heap History (10 events):
Event: 186.993 GC heap before
{Heap before GC invocations=17 (full 3):
 PSYoungGen      total 278528K, used 263625K [0x00000000e0000000, 0x00000000f6400000, 0x0000000100000000)
  eden space 251392K, 100% used [0x00000000e0000000,0x00000000ef580000,0x00000000ef580000)
  from space 27136K, 45% used [0x00000000ef580000,0x00000000f0172598,0x00000000f1000000)
  to   space 25600K, 0% used [0x00000000f4b00000,0x00000000f4b00000,0x00000000f6400000)
 ParOldGen       total 148480K, used 45498K [0x00000000a0000000, 0x00000000a9100000, 0x00000000e0000000)
  object space 148480K, 30% used [0x00000000a0000000,0x00000000a2c6eaa0,0x00000000a9100000)
 Metaspace       used 67691K, capacity 70770K, committed 71000K, reserved 1110016K
  class space    used 8853K, capacity 9490K, committed 9600K, reserved 1048576K
Event: 187.017 GC heap after
Heap after GC invocations=17 (full 3):
 PSYoungGen      total 325632K, used 17533K [0x00000000e0000000, 0x00000000f5e00000, 0x0000000100000000)
  eden space 306176K, 0% used [0x00000000e0000000,0x00000000e0000000,0x00000000f2b00000)
  from space 19456K, 90% used [0x00000000f4b00000,0x00000000f5c1f518,0x00000000f5e00000)
  to   space 26112K, 0% used [0x00000000f2b00000,0x00000000f2b00000,0x00000000f4480000)
 ParOldGen       total 148480K, used 45514K [0x00000000a0000000, 0x00000000a9100000, 0x00000000e0000000)
  object space 148480K, 30% used [0x00000000a0000000,0x00000000a2c72aa0,0x00000000a9100000)
 Metaspace       used 67691K, capacity 70770K, committed 71000K, reserved 1110016K
  class space    used 8853K, capacity 9490K, committed 9600K, reserved 1048576K
}
Event: 190.674 GC heap before
{Heap before GC invocations=18 (full 3):
 PSYoungGen      total 325632K, used 323709K [0x00000000e0000000, 0x00000000f5e00000, 0x0000000100000000)
  eden space 306176K, 100% used [0x00000000e0000000,0x00000000f2b00000,0x00000000f2b00000)
  from space 19456K, 90% used [0x00000000f4b00000,0x00000000f5c1f518,0x00000000f5e00000)
  to   space 26112K, 0% used [0x00000000f2b00000,0x00000000f2b00000,0x00000000f4480000)
 ParOldGen       total 148480K, used 45514K [0x00000000a0000000, 0x00000000a9100000, 0x00000000e0000000)
  object space 148480K, 30% used [0x00000000a0000000,0x00000000a2c72aa0,0x00000000a9100000)
 Metaspace       used 70515K, capacity 73598K, committed 73688K, reserved 1114112K
  class space    used 9089K, capacity 9722K, committed 9728K, reserved 1048576K
Event: 190.763 GC heap after
Heap after GC invocations=18 (full 3):
 PSYoungGen      total 332288K, used 26082K [0x00000000e0000000, 0x00000000fcd80000, 0x0000000100000000)
  eden space 306176K, 0% used [0x00000000e0000000,0x00000000e0000000,0x00000000f2b00000)
  from space 26112K, 99% used [0x00000000f2b00000,0x00000000f4478b48,0x00000000f4480000)
  to   space 38912K, 0% used [0x00000000fa780000,0x00000000fa780000,0x00000000fcd80000)
 ParOldGen       total 148480K, used 69708K [0x00000000a0000000, 0x00000000a9100000, 0x00000000e0000000)
  object space 148480K, 46% used [0x00000000a0000000,0x00000000a4413238,0x00000000a9100000)
 Metaspace       used 70515K, capacity 73598K, committed 73688K, reserved 1114112K
  class space    used 9089K, capacity 9722K, committed 9728K, reserved 1048576K
}
Event: 211.841 GC heap before
{Heap before GC invocations=19 (full 3):
 PSYoungGen      total 332288K, used 332258K [0x00000000e0000000, 0x00000000fcd80000, 0x0000000100000000)
  eden space 306176K, 100% used [0x00000000e0000000,0x00000000f2b00000,0x00000000f2b00000)
  from space 26112K, 99% used [0x00000000f2b00000,0x00000000f4478b48,0x00000000f4480000)
  to   space 38912K, 0% used [0x00000000fa780000,0x00000000fa780000,0x00000000fcd80000)
 ParOldGen       total 148480K, used 69708K [0x00000000a0000000, 0x00000000a9100000, 0x00000000e0000000)
  object space 148480K, 46% used [0x00000000a0000000,0x00000000a4413238,0x00000000a9100000)
 Metaspace       used 72194K, capacity 75476K, committed 75736K, reserved 1116160K
  class space    used 9293K, capacity 9923K, committed 9984K, reserved 1048576K
Event: 211.877 GC heap after
Heap after GC invocations=19 (full 3):
 PSYoungGen      total 409088K, used 19566K [0x00000000e0000000, 0x00000000fc000000, 0x0000000100000000)
  eden space 384000K, 0% used [0x00000000e0000000,0x00000000e0000000,0x00000000f7700000)
  from space 25088K, 77% used [0x00000000fa780000,0x00000000fba9bbc8,0x00000000fc000000)
  to   space 37376K, 0% used [0x00000000f7700000,0x00000000f7700000,0x00000000f9b80000)
 ParOldGen       total 148480K, used 77460K [0x00000000a0000000, 0x00000000a9100000, 0x00000000e0000000)
  object space 148480K, 52% used [0x00000000a0000000,0x00000000a4ba5298,0x00000000a9100000)
 Metaspace       used 72194K, capacity 75476K, committed 75736K, reserved 1116160K
  class space    used 9293K, capacity 9923K, committed 9984K, reserved 1048576K
}
Event: 2295.870 GC heap before
{Heap before GC invocations=20 (full 3):
 PSYoungGen      total 409088K, used 403566K [0x00000000e0000000, 0x00000000fc000000, 0x0000000100000000)
  eden space 384000K, 100% used [0x00000000e0000000,0x00000000f7700000,0x00000000f7700000)
  from space 25088K, 77% used [0x00000000fa780000,0x00000000fba9bbc8,0x00000000fc000000)
  to   space 37376K, 0% used [0x00000000f7700000,0x00000000f7700000,0x00000000f9b80000)
 ParOldGen       total 148480K, used 77460K [0x00000000a0000000, 0x00000000a9100000, 0x00000000e0000000)
  object space 148480K, 52% used [0x00000000a0000000,0x00000000a4ba5298,0x00000000a9100000)
 Metaspace       used 73028K, capacity 76472K, committed 76632K, reserved 1116160K
  class space    used 9348K, capacity 9987K, committed 10112K, reserved 1048576K
Event: 2295.906 GC heap after
Heap after GC invocations=20 (full 3):
 PSYoungGen      total 388608K, used 19490K [0x00000000e0000000, 0x00000000faf00000, 0x0000000100000000)
  eden space 368640K, 0% used [0x00000000e0000000,0x00000000e0000000,0x00000000f6800000)
  from space 19968K, 97% used [0x00000000f7700000,0x00000000f8a08a10,0x00000000f8a80000)
  to   space 36352K, 0% used [0x00000000f8b80000,0x00000000f8b80000,0x00000000faf00000)
 ParOldGen       total 148480K, used 77468K [0x00000000a0000000, 0x00000000a9100000, 0x00000000e0000000)
  object space 148480K, 52% used [0x00000000a0000000,0x00000000a4ba7298,0x00000000a9100000)
 Metaspace       used 73028K, capacity 76472K, committed 76632K, reserved 1116160K
  class space    used 9348K, capacity 9987K, committed 10112K, reserved 1048576K
}
Event: 2305.313 GC heap before
{Heap before GC invocations=21 (full 3):
 PSYoungGen      total 388608K, used 388130K [0x00000000e0000000, 0x00000000faf00000, 0x0000000100000000)
  eden space 368640K, 100% used [0x00000000e0000000,0x00000000f6800000,0x00000000f6800000)
  from space 19968K, 97% used [0x00000000f7700000,0x00000000f8a08a10,0x00000000f8a80000)
  to   space 36352K, 0% used [0x00000000f8b80000,0x00000000f8b80000,0x00000000faf00000)
 ParOldGen       total 148480K, used 77468K [0x00000000a0000000, 0x00000000a9100000, 0x00000000e0000000)
  object space 148480K, 52% used [0x00000000a0000000,0x00000000a4ba7298,0x00000000a9100000)
 Metaspace       used 73626K, capacity 77204K, committed 77400K, reserved 1116160K
  class space    used 9371K, capacity 10023K, committed 10112K, reserved 1048576K
Event: 2305.370 GC heap after
Heap after GC invocations=21 (full 3):
 PSYoungGen      total 390656K, used 36322K [0x00000000e0000000, 0x00000000faf00000, 0x0000000100000000)
  eden space 354304K, 0% used [0x00000000e0000000,0x00000000e0000000,0x00000000f5a00000)
  from space 36352K, 99% used [0x00000000f8b80000,0x00000000faef89c8,0x00000000faf00000)
  to   space 41984K, 0% used [0x00000000f5d00000,0x00000000f5d00000,0x00000000f8600000)
 ParOldGen       total 148480K, used 79254K [0x00000000a0000000, 0x00000000a9100000, 0x00000000e0000000)
  object space 148480K, 53% used [0x00000000a0000000,0x00000000a4d65a88,0x00000000a9100000)
 Metaspace       used 73626K, capacity 77204K, committed 77400K, reserved 1116160K
  class space    used 9371K, capacity 10023K, committed 10112K, reserved 1048576K
}

